I, [2014-08-12T21:53:52.297024 #88581]  INFO -- : listening on addr=/Users/otternq/src/routes/tmp/sockets/unicorn.sock fd=8
I, [2014-08-12T21:53:52.297461 #88581]  INFO -- : worker=0 spawning...
I, [2014-08-12T21:53:52.298007 #88581]  INFO -- : worker=1 spawning...
I, [2014-08-12T21:53:52.298675 #88581]  INFO -- : master process ready
I, [2014-08-12T21:53:52.299606 #88583]  INFO -- : worker=1 spawned pid=88583
I, [2014-08-12T21:53:52.299370 #88582]  INFO -- : worker=0 spawned pid=88582
I, [2014-08-12T21:53:52.300238 #88583]  INFO -- : Refreshing Gem list
I, [2014-08-12T21:53:52.300410 #88582]  INFO -- : Refreshing Gem list
Invalid gemspec in [/opt/boxen/rbenv/versions/1.9.3-p448/lib/ruby/gems/1.9.1/specifications/ZenTest-4.9.4.gemspec]: Illformed requirement ["< 2.2, >= 1.8"]
Invalid gemspec in [/opt/boxen/rbenv/versions/1.9.3-p448/lib/ruby/gems/1.9.1/specifications/ZenTest-4.9.5.gemspec]: Illformed requirement ["< 3.0, >= 1.8"]
Invalid gemspec in [/opt/boxen/rbenv/versions/1.9.3-p448/lib/ruby/gems/1.9.1/specifications/ZenTest-4.9.4.gemspec]: Illformed requirement ["< 2.2, >= 1.8"]
Invalid gemspec in [/opt/boxen/rbenv/versions/1.9.3-p448/lib/ruby/gems/1.9.1/specifications/ZenTest-4.9.5.gemspec]: Illformed requirement ["< 3.0, >= 1.8"]
Invalid gemspec in [/opt/boxen/rbenv/versions/1.9.3-p448/lib/ruby/gems/1.9.1/specifications/ZenTest-4.9.4.gemspec]: Illformed requirement ["< 2.2, >= 1.8"]
Invalid gemspec in [/opt/boxen/rbenv/versions/1.9.3-p448/lib/ruby/gems/1.9.1/specifications/ZenTest-4.9.5.gemspec]: Illformed requirement ["< 3.0, >= 1.8"]
Invalid gemspec in [/opt/boxen/rbenv/versions/1.9.3-p448/lib/ruby/gems/1.9.1/specifications/ZenTest-4.9.4.gemspec]: Illformed requirement ["< 2.2, >= 1.8"]
Invalid gemspec in [/opt/boxen/rbenv/versions/1.9.3-p448/lib/ruby/gems/1.9.1/specifications/ZenTest-4.9.5.gemspec]: Illformed requirement ["< 3.0, >= 1.8"]
I, [2014-08-12T21:53:52.835948 #88582]  INFO -- : worker=0 ready
I, [2014-08-12T21:53:52.836112 #88583]  INFO -- : worker=1 ready
I, [2014-08-12T21:55:04.934238 #88581]  INFO -- : reaped #<Process::Status: pid 88583 exit 0> worker=1
I, [2014-08-12T21:55:04.934426 #88581]  INFO -- : reaped #<Process::Status: pid 88582 exit 0> worker=0
I, [2014-08-12T21:55:04.934711 #88581]  INFO -- : master complete
I, [2014-08-12T21:55:16.251555 #88745]  INFO -- : unlinking existing socket=/Users/otternq/src/routes/tmp/sockets/unicorn.sock
I, [2014-08-12T21:55:16.252283 #88745]  INFO -- : listening on addr=/Users/otternq/src/routes/tmp/sockets/unicorn.sock fd=8
I, [2014-08-12T21:55:16.252595 #88745]  INFO -- : worker=0 spawning...
I, [2014-08-12T21:55:16.253340 #88745]  INFO -- : worker=1 spawning...
I, [2014-08-12T21:55:16.254030 #88745]  INFO -- : master process ready
I, [2014-08-12T21:55:16.254717 #88746]  INFO -- : worker=0 spawned pid=88746
I, [2014-08-12T21:55:16.255429 #88746]  INFO -- : Refreshing Gem list
I, [2014-08-12T21:55:16.255621 #88747]  INFO -- : worker=1 spawned pid=88747
I, [2014-08-12T21:55:16.256296 #88747]  INFO -- : Refreshing Gem list
Invalid gemspec in [/opt/boxen/rbenv/versions/1.9.3-p448/lib/ruby/gems/1.9.1/specifications/ZenTest-4.9.4.gemspec]: Illformed requirement ["< 2.2, >= 1.8"]
Invalid gemspec in [/opt/boxen/rbenv/versions/1.9.3-p448/lib/ruby/gems/1.9.1/specifications/ZenTest-4.9.5.gemspec]: Illformed requirement ["< 3.0, >= 1.8"]
Invalid gemspec in [/opt/boxen/rbenv/versions/1.9.3-p448/lib/ruby/gems/1.9.1/specifications/ZenTest-4.9.4.gemspec]: Illformed requirement ["< 2.2, >= 1.8"]
Invalid gemspec in [/opt/boxen/rbenv/versions/1.9.3-p448/lib/ruby/gems/1.9.1/specifications/ZenTest-4.9.5.gemspec]: Illformed requirement ["< 3.0, >= 1.8"]
Invalid gemspec in [/opt/boxen/rbenv/versions/1.9.3-p448/lib/ruby/gems/1.9.1/specifications/ZenTest-4.9.4.gemspec]: Illformed requirement ["< 2.2, >= 1.8"]
Invalid gemspec in [/opt/boxen/rbenv/versions/1.9.3-p448/lib/ruby/gems/1.9.1/specifications/ZenTest-4.9.4.gemspec]: Illformed requirement ["< 2.2, >= 1.8"]
Invalid gemspec in [/opt/boxen/rbenv/versions/1.9.3-p448/lib/ruby/gems/1.9.1/specifications/ZenTest-4.9.5.gemspec]: Illformed requirement ["< 3.0, >= 1.8"]
Invalid gemspec in [/opt/boxen/rbenv/versions/1.9.3-p448/lib/ruby/gems/1.9.1/specifications/ZenTest-4.9.5.gemspec]: Illformed requirement ["< 3.0, >= 1.8"]
I, [2014-08-12T21:55:16.809486 #88746]  INFO -- : worker=0 ready
I, [2014-08-12T21:55:16.809739 #88747]  INFO -- : worker=1 ready
I, [2014-08-12T21:59:26.916154 #88745]  INFO -- : reaped #<Process::Status: pid 88747 exit 0> worker=1
I, [2014-08-12T21:59:26.923158 #88745]  INFO -- : reaped #<Process::Status: pid 88746 exit 0> worker=0
I, [2014-08-12T21:59:26.923360 #88745]  INFO -- : master complete
I, [2014-08-12T21:59:31.580344 #90671]  INFO -- : unlinking existing socket=/Users/otternq/src/routes/tmp/sockets/unicorn.sock
I, [2014-08-12T21:59:31.580936 #90671]  INFO -- : listening on addr=/Users/otternq/src/routes/tmp/sockets/unicorn.sock fd=8
I, [2014-08-12T21:59:31.581204 #90671]  INFO -- : worker=0 spawning...
I, [2014-08-12T21:59:31.581971 #90671]  INFO -- : worker=1 spawning...
I, [2014-08-12T21:59:31.582806 #90671]  INFO -- : master process ready
I, [2014-08-12T21:59:31.583220 #90672]  INFO -- : worker=0 spawned pid=90672
I, [2014-08-12T21:59:31.583898 #90672]  INFO -- : Refreshing Gem list
I, [2014-08-12T21:59:31.584141 #90673]  INFO -- : worker=1 spawned pid=90673
I, [2014-08-12T21:59:31.584816 #90673]  INFO -- : Refreshing Gem list
Invalid gemspec in [/opt/boxen/rbenv/versions/1.9.3-p448/lib/ruby/gems/1.9.1/specifications/ZenTest-4.9.4.gemspec]: Illformed requirement ["< 2.2, >= 1.8"]
Invalid gemspec in [/opt/boxen/rbenv/versions/1.9.3-p448/lib/ruby/gems/1.9.1/specifications/ZenTest-4.9.5.gemspec]: Illformed requirement ["< 3.0, >= 1.8"]
Invalid gemspec in [/opt/boxen/rbenv/versions/1.9.3-p448/lib/ruby/gems/1.9.1/specifications/ZenTest-4.9.4.gemspec]: Illformed requirement ["< 2.2, >= 1.8"]
Invalid gemspec in [/opt/boxen/rbenv/versions/1.9.3-p448/lib/ruby/gems/1.9.1/specifications/ZenTest-4.9.5.gemspec]: Illformed requirement ["< 3.0, >= 1.8"]
Invalid gemspec in [/opt/boxen/rbenv/versions/1.9.3-p448/lib/ruby/gems/1.9.1/specifications/ZenTest-4.9.4.gemspec]: Illformed requirement ["< 2.2, >= 1.8"]
Invalid gemspec in [/opt/boxen/rbenv/versions/1.9.3-p448/lib/ruby/gems/1.9.1/specifications/ZenTest-4.9.4.gemspec]: Illformed requirement ["< 2.2, >= 1.8"]
Invalid gemspec in [/opt/boxen/rbenv/versions/1.9.3-p448/lib/ruby/gems/1.9.1/specifications/ZenTest-4.9.5.gemspec]: Illformed requirement ["< 3.0, >= 1.8"]
Invalid gemspec in [/opt/boxen/rbenv/versions/1.9.3-p448/lib/ruby/gems/1.9.1/specifications/ZenTest-4.9.5.gemspec]: Illformed requirement ["< 3.0, >= 1.8"]
I, [2014-08-12T21:59:32.076944 #90672]  INFO -- : worker=0 ready
I, [2014-08-12T21:59:32.077460 #90673]  INFO -- : worker=1 ready
D, [2014-08-12T23:02:32.789366 #90671] DEBUG -- : waiting 16.0s after suspend/hibernation
I, [2014-08-12T23:56:18.162717 #90671]  INFO -- : reaped #<Process::Status: pid 90673 exit 0> worker=1
I, [2014-08-12T23:56:18.162899 #90671]  INFO -- : reaped #<Process::Status: pid 90672 exit 0> worker=0
I, [2014-08-12T23:56:18.163269 #90671]  INFO -- : master complete
